<?xml version="1.0" encoding="UTF-8"?>
<!-- Generated by org.testng.reporters.JUnitXMLReporter -->
<testsuite hostname="DESKTOP-OQPHGP6" ignored="2" name="Test" tests="6" failures="2" timestamp="10 Mar 2020 18:54:55 GMT" time="15.643" errors="0">
  <testcase name="verifyPage" time="0.22" classname="orangeHRM.testcases.LoginScenarios"/>
  <testcase name="verifyPage" time="0.664" classname="orangeHRM.testcases.CreateUserFromAdmin"/>
  <testcase name="loginToApplication" time="3.278" classname="orangeHRM.testcases.LoginScenarios">
    <failure type="java.lang.AssertionError" message="Dashboard does not contain dashboard keyword expected [true] but found [false]">
      <![CDATA[java.lang.AssertionError: Dashboard does not contain dashboard keyword expected [true] but found [false]
at orangeHRM.pages.LoginPage.verifyUrlAfterLogin(LoginPage.java:35)
at orangeHRM.testcases.LoginScenarios.loginToApplication(LoginScenarios.java:43)
at java.util.concurrent.ThreadPoolExecutor.runWorker(ThreadPoolExecutor.java:1149)
at java.util.concurrent.ThreadPoolExecutor$Worker.run(ThreadPoolExecutor.java:624)
at java.lang.Thread.run(Thread.java:748)
... Removed 13 stack frames]]>
    </failure>
  </testcase> <!-- loginToApplication -->
  <testcase name="loginToApplication" time="3.318" classname="orangeHRM.testcases.CreateUserFromAdmin">
    <failure type="java.lang.AssertionError" message="Dashboard does not contain dashboard keyword expected [true] but found [false]">
      <![CDATA[java.lang.AssertionError: Dashboard does not contain dashboard keyword expected [true] but found [false]
at orangeHRM.pages.LoginPage.verifyUrlAfterLogin(LoginPage.java:35)
at orangeHRM.testcases.CreateUserFromAdmin.loginToApplication(CreateUserFromAdmin.java:44)
at java.util.concurrent.ThreadPoolExecutor.runWorker(ThreadPoolExecutor.java:1149)
at java.util.concurrent.ThreadPoolExecutor$Worker.run(ThreadPoolExecutor.java:624)
at java.lang.Thread.run(Thread.java:748)
... Removed 13 stack frames]]>
    </failure>
  </testcase> <!-- loginToApplication -->
  <testcase name="logoutFromApplication" time="0.0" classname="orangeHRM.testcases.LoginScenarios">
    <skipped/>
  </testcase> <!-- logoutFromApplication -->
  <testcase name="logoutFromApplication" time="0.0" classname="orangeHRM.testcases.CreateUserFromAdmin">
    <skipped/>
  </testcase> <!-- logoutFromApplication -->
  <testcase name="@AfterSuite tearDown" time="0.0" classname="orangeHRM.pages.BaseClass">
    <ignored/>
  </testcase> <!-- @AfterSuite tearDown -->
  <testcase name="@BeforeSuite setupReport" time="0.0" classname="orangeHRM.pages.BaseClass">
    <ignored/>
  </testcase> <!-- @BeforeSuite setupReport -->
</testsuite> <!-- Test -->
