<?xml version="1.0" encoding="UTF-8"?>
<!-- Generated by org.testng.reporters.JUnitXMLReporter -->
<testsuite hostname="DESKTOP-OQPHGP6" ignored="0" name="Test2" tests="3" failures="0" timestamp="09 Mar 2020 23:17:36 GMT" time="17.052" errors="0">
  <testcase name="verifyPage" time="0.009" classname="orangeHRM.testcases.CreateUserFromAdmin"/>
  <testcase name="loginToApplication" time="2.819" classname="orangeHRM.testcases.CreateUserFromAdmin"/>
  <testcase name="logoutFromApplication" time="3.895" classname="orangeHRM.testcases.CreateUserFromAdmin"/>
</testsuite> <!-- Test2 -->
